<?xml version="1.0" encoding="UTF-8"?>
<robot generator="Robot 3.2.2 (Python 3.9.1 on win32)" generated="20210117 13:55:56.184" rpa="false">
<suite id="s1" name="Argumentos" source="E:\Linguagens\Robot Framework\controles\argumentos.robot">
<test id="s1-t1" name="Relembrando argumentos posicionais x nomeados">
<kw name="Teste de Argumentos Básico">
<arguments>
<arg>1</arg>
<arg>2</arg>
<arg>3</arg>
<arg>4</arg>
</arguments>
<kw name="Log" library="BuiltIn">
<doc>Logs the given message with the given level.</doc>
<arguments>
<arg>${arg1} - ${arg2} - ${arg3} - ${arg4}</arg>
</arguments>
<msg timestamp="20210117 13:55:56.227" level="INFO">1 - 2 - 3 - 4</msg>
<status status="PASS" starttime="20210117 13:55:56.226" endtime="20210117 13:55:56.227"></status>
</kw>
<status status="PASS" starttime="20210117 13:55:56.225" endtime="20210117 13:55:56.227"></status>
</kw>
<kw name="Teste de Argumentos Básico">
<arguments>
<arg>arg4=1</arg>
<arg>arg3=2</arg>
<arg>arg2=3</arg>
<arg>arg1=4</arg>
</arguments>
<kw name="Log" library="BuiltIn">
<doc>Logs the given message with the given level.</doc>
<arguments>
<arg>${arg1} - ${arg2} - ${arg3} - ${arg4}</arg>
</arguments>
<msg timestamp="20210117 13:55:56.229" level="INFO">4 - 3 - 2 - 1</msg>
<status status="PASS" starttime="20210117 13:55:56.229" endtime="20210117 13:55:56.229"></status>
</kw>
<status status="PASS" starttime="20210117 13:55:56.228" endtime="20210117 13:55:56.229"></status>
</kw>
<status status="PASS" starttime="20210117 13:55:56.225" endtime="20210117 13:55:56.230" critical="yes"></status>
</test>
<test id="s1-t2" name="Teste de Argumentos Opcionais">
<kw name="Passando argumentos opcionais como parâmetro">
<arguments>
<arg>nome=Mayara</arg>
<arg>ultimo_nome=Fernandes</arg>
</arguments>
<kw name="Log" library="BuiltIn">
<doc>Logs the given message with the given level.</doc>
<arguments>
<arg>Nome completo: ${nome} ${nome_do_meio} ${ultimo_nome}</arg>
</arguments>
<msg timestamp="20210117 13:55:56.252" level="INFO">Nome completo: Mayara silva Fernandes</msg>
<status status="PASS" starttime="20210117 13:55:56.251" endtime="20210117 13:55:56.252"></status>
</kw>
<status status="PASS" starttime="20210117 13:55:56.251" endtime="20210117 13:55:56.252"></status>
</kw>
<kw name="Passando argumentos opcionais como parâmetro">
<arguments>
<arg>nome=Mayara</arg>
<arg>nome_do_meio=Ribeiro</arg>
<arg>ultimo_nome=Fernandes</arg>
</arguments>
<kw name="Log" library="BuiltIn">
<doc>Logs the given message with the given level.</doc>
<arguments>
<arg>Nome completo: ${nome} ${nome_do_meio} ${ultimo_nome}</arg>
</arguments>
<msg timestamp="20210117 13:55:56.253" level="INFO">Nome completo: Mayara Ribeiro Fernandes</msg>
<status status="PASS" starttime="20210117 13:55:56.253" endtime="20210117 13:55:56.253"></status>
</kw>
<status status="PASS" starttime="20210117 13:55:56.252" endtime="20210117 13:55:56.254"></status>
</kw>
<status status="PASS" starttime="20210117 13:55:56.250" endtime="20210117 13:55:56.254" critical="yes"></status>
</test>
<test id="s1-t3" name="Criando lista e dicionário via parâmetro">
<kw name="Teste Criando um Dicionário">
<arguments>
<arg>cwd=/home/user</arg>
<arg>shell=True</arg>
<arg>env=False</arg>
</arguments>
<kw name="Log" library="BuiltIn">
<doc>Logs the given message with the given level.</doc>
<arguments>
<arg>${meu_dicionario}</arg>
</arguments>
<msg timestamp="20210117 13:55:56.258" level="INFO">{'cwd': '/home/user', 'shell': 'True', 'env': 'False'}</msg>
<status status="PASS" starttime="20210117 13:55:56.257" endtime="20210117 13:55:56.258"></status>
</kw>
<status status="PASS" starttime="20210117 13:55:56.256" endtime="20210117 13:55:56.258"></status>
</kw>
<kw name="Teste Criando uma Lista">
<arguments>
<arg>may</arg>
<arg>ribeiro</arg>
<arg>fernandes</arg>
</arguments>
<kw name="Log" library="BuiltIn">
<doc>Logs the given message with the given level.</doc>
<arguments>
<arg>${minha_lista}</arg>
</arguments>
<msg timestamp="20210117 13:55:56.274" level="INFO">['may', 'ribeiro', 'fernandes']</msg>
<status status="PASS" starttime="20210117 13:55:56.273" endtime="20210117 13:55:56.274"></status>
</kw>
<status status="PASS" starttime="20210117 13:55:56.273" endtime="20210117 13:55:56.274"></status>
</kw>
<kw name="Teste Criando os dois">
<arguments>
<arg>may</arg>
<arg>ribeiro</arg>
<arg>fernandes</arg>
<arg>shell=True</arg>
<arg>env=False</arg>
</arguments>
<kw name="Log" library="BuiltIn">
<doc>Logs the given message with the given level.</doc>
<arguments>
<arg>${minha_lista}\n${meu_dicionario}</arg>
</arguments>
<msg timestamp="20210117 13:55:56.275" level="INFO">['may', 'ribeiro', 'fernandes']
{'shell': 'True', 'env': 'False'}</msg>
<status status="PASS" starttime="20210117 13:55:56.275" endtime="20210117 13:55:56.275"></status>
</kw>
<status status="PASS" starttime="20210117 13:55:56.274" endtime="20210117 13:55:56.276"></status>
</kw>
<doc>No Python é conhecido como "kwargs"</doc>
<status status="PASS" starttime="20210117 13:55:56.255" endtime="20210117 13:55:56.276" critical="yes"></status>
</test>
<status status="PASS" starttime="20210117 13:55:56.187" endtime="20210117 13:55:56.278"></status>
</suite>
<statistics>
<total>
<stat pass="3" fail="0">Critical Tests</stat>
<stat pass="3" fail="0">All Tests</stat>
</total>
<tag>
</tag>
<suite>
<stat pass="3" fail="0" id="s1" name="Argumentos">Argumentos</stat>
</suite>
</statistics>
<errors>
</errors>
</robot>
