<?xml version="1.0" encoding="UTF-8"?>
<robot generator="Robot 3.2.2 (Python 3.9.1 on win32)" generated="20210117 15:36:26.830" rpa="false">
<suite id="s1" name="Date Time" source="E:\Linguagens\Robot Framework\Libraries auxiliares\DateTime\date_time.robot">
<test id="s1-t1" name="Exemplo 01: Pegando data e hora atuais">
<kw name="Teste pegando data atual">
<kw name="Get Current Date" library="DateTime">
<doc>Returns current local or UTC time with an optional increment.</doc>
<arguments>
<arg>result_format=%d-%m-%y</arg>
</arguments>
<assign>
<var>${AGORA}</var>
</assign>
<msg timestamp="20210117 15:36:26.894" level="INFO">${AGORA} = 17-01-21</msg>
<status status="PASS" starttime="20210117 15:36:26.893" endtime="20210117 15:36:26.894"></status>
</kw>
<kw name="Log" library="BuiltIn">
<doc>Logs the given message with the given level.</doc>
<arguments>
<arg>${AGORA}</arg>
</arguments>
<msg timestamp="20210117 15:36:26.895" level="INFO">17-01-21</msg>
<status status="PASS" starttime="20210117 15:36:26.894" endtime="20210117 15:36:26.895"></status>
</kw>
<status status="PASS" starttime="20210117 15:36:26.892" endtime="20210117 15:36:26.895"></status>
</kw>
<kw name="Teste pegando data e hora atuais">
<kw name="Get Current Date" library="DateTime">
<doc>Returns current local or UTC time with an optional increment.</doc>
<arguments>
<arg>result_format=%Y-%m-%dT%H:%M:%S</arg>
</arguments>
<assign>
<var>${AGORA}</var>
</assign>
<msg timestamp="20210117 15:36:26.901" level="INFO">${AGORA} = 2021-01-17T15:36:26</msg>
<status status="PASS" starttime="20210117 15:36:26.898" endtime="20210117 15:36:26.901"></status>
</kw>
<kw name="Log" library="BuiltIn">
<doc>Logs the given message with the given level.</doc>
<arguments>
<arg>${AGORA}</arg>
</arguments>
<msg timestamp="20210117 15:36:26.901" level="INFO">2021-01-17T15:36:26</msg>
<status status="PASS" starttime="20210117 15:36:26.901" endtime="20210117 15:36:26.902"></status>
</kw>
<status status="PASS" starttime="20210117 15:36:26.896" endtime="20210117 15:36:26.902"></status>
</kw>
<kw name="Teste pegando ano - mês - dia separadamente">
<kw name="Get Current Date" library="DateTime">
<doc>Returns current local or UTC time with an optional increment.</doc>
<assign>
<var>${HOJE}</var>
</assign>
<msg timestamp="20210117 15:36:26.915" level="INFO">${HOJE} = 2021-01-17 15:36:26.914</msg>
<status status="PASS" starttime="20210117 15:36:26.914" endtime="20210117 15:36:26.915"></status>
</kw>
<kw name="Convert Date" library="DateTime">
<doc>Converts between supported `date formats`.</doc>
<arguments>
<arg>${HOJE}</arg>
<arg>datetime</arg>
</arguments>
<assign>
<var>${HOJE}</var>
</assign>
<msg timestamp="20210117 15:36:26.942" level="INFO">${HOJE} = 2021-01-17 15:36:26.914000</msg>
<status status="PASS" starttime="20210117 15:36:26.915" endtime="20210117 15:36:26.942"></status>
</kw>
<kw name="Log" library="BuiltIn">
<doc>Logs the given message with the given level.</doc>
<arguments>
<arg>${HOJE.day}-${HOJE.month}-${HOJE.year}</arg>
</arguments>
<msg timestamp="20210117 15:36:26.943" level="INFO">17-1-2021</msg>
<status status="PASS" starttime="20210117 15:36:26.942" endtime="20210117 15:36:26.943"></status>
</kw>
<status status="PASS" starttime="20210117 15:36:26.914" endtime="20210117 15:36:26.943"></status>
</kw>
<status status="PASS" starttime="20210117 15:36:26.890" endtime="20210117 15:36:26.955" critical="yes"></status>
</test>
<test id="s1-t2" name="Exemplo 02: Manipulando o tempo">
<kw name="Trabalhando com tempo">
<kw name="Convert Time" library="DateTime">
<doc>Converts between supported `time formats`.</doc>
<arguments>
<arg>1 minute 30 seconds</arg>
</arguments>
<assign>
<var>${HORA}</var>
</assign>
<msg timestamp="20210117 15:36:26.993" level="INFO">${HORA} = 90.0</msg>
<status status="PASS" starttime="20210117 15:36:26.993" endtime="20210117 15:36:26.993"></status>
</kw>
<kw name="Log" library="BuiltIn">
<doc>Logs the given message with the given level.</doc>
<arguments>
<arg>São ${HORA} segundos em 1 minuto e 30 segundos!</arg>
</arguments>
<msg timestamp="20210117 15:36:26.993" level="INFO">São 90.0 segundos em 1 minuto e 30 segundos!</msg>
<status status="PASS" starttime="20210117 15:36:26.993" endtime="20210117 15:36:26.993"></status>
</kw>
<kw name="Convert Time" library="DateTime">
<doc>Converts between supported `time formats`.</doc>
<arguments>
<arg>5400</arg>
<arg>verbose</arg>
</arguments>
<assign>
<var>${HORA}</var>
</assign>
<msg timestamp="20210117 15:36:26.994" level="INFO">${HORA} = 1 hour 30 minutes</msg>
<status status="PASS" starttime="20210117 15:36:26.994" endtime="20210117 15:36:26.994"></status>
</kw>
<kw name="Log" library="BuiltIn">
<doc>Logs the given message with the given level.</doc>
<arguments>
<arg>5400 segundos é ${HORA}!</arg>
</arguments>
<msg timestamp="20210117 15:36:26.995" level="INFO">5400 segundos é 1 hour 30 minutes!</msg>
<status status="PASS" starttime="20210117 15:36:26.994" endtime="20210117 15:36:26.996"></status>
</kw>
<kw name="Convert Time" library="DateTime">
<doc>Converts between supported `time formats`.</doc>
<arguments>
<arg>5500</arg>
<arg>timer</arg>
<arg>exclude_millis=yes</arg>
</arguments>
<assign>
<var>${HORA}</var>
</assign>
<msg timestamp="20210117 15:36:26.997" level="INFO">${HORA} = 01:31:40</msg>
<status status="PASS" starttime="20210117 15:36:26.996" endtime="20210117 15:36:26.997"></status>
</kw>
<kw name="Log" library="BuiltIn">
<doc>Logs the given message with the given level.</doc>
<arguments>
<arg>5500 segundos é ${HORA}!</arg>
</arguments>
<msg timestamp="20210117 15:36:26.997" level="INFO">5500 segundos é 01:31:40!</msg>
<status status="PASS" starttime="20210117 15:36:26.997" endtime="20210117 15:36:26.997"></status>
</kw>
<status status="PASS" starttime="20210117 15:36:26.992" endtime="20210117 15:36:26.997"></status>
</kw>
<status status="PASS" starttime="20210117 15:36:26.977" endtime="20210117 15:36:26.998" critical="yes"></status>
</test>
<test id="s1-t3" name="Exemplo 03: Cálculos com data">
<kw name="Adicionando tempo de data">
<kw name="Get Current Date" library="DateTime">
<doc>Returns current local or UTC time with an optional increment.</doc>
<assign>
<var>${ANTES}</var>
</assign>
<msg timestamp="20210117 15:36:27.053" level="INFO">${ANTES} = 2021-01-17 15:36:27.053</msg>
<status status="PASS" starttime="20210117 15:36:27.053" endtime="20210117 15:36:27.053"></status>
</kw>
<kw name="Add Time To Date" library="DateTime">
<doc>Adds time to date and returns the resulting date.</doc>
<arguments>
<arg>${ANTES}</arg>
<arg>4 hours</arg>
<arg>result_format=%d-%m-%Y %H:%M:%S</arg>
</arguments>
<assign>
<var>${DEPOIS}</var>
</assign>
<msg timestamp="20210117 15:36:27.054" level="INFO">${DEPOIS} = 17-01-2021 19:36:27</msg>
<status status="PASS" starttime="20210117 15:36:27.053" endtime="20210117 15:36:27.054"></status>
</kw>
<kw name="Log" library="BuiltIn">
<doc>Logs the given message with the given level.</doc>
<arguments>
<arg>Antes: ${ANTES} - Depois: ${DEPOIS}</arg>
</arguments>
<msg timestamp="20210117 15:36:27.054" level="INFO">Antes: 2021-01-17 15:36:27.053 - Depois: 17-01-2021 19:36:27</msg>
<status status="PASS" starttime="20210117 15:36:27.054" endtime="20210117 15:36:27.054"></status>
</kw>
<kw name="Get Current Date" library="DateTime">
<doc>Returns current local or UTC time with an optional increment.</doc>
<assign>
<var>${ANTES}</var>
</assign>
<msg timestamp="20210117 15:36:27.055" level="INFO">${ANTES} = 2021-01-17 15:36:27.055</msg>
<status status="PASS" starttime="20210117 15:36:27.054" endtime="20210117 15:36:27.055"></status>
</kw>
<kw name="Add Time To Date" library="DateTime">
<doc>Adds time to date and returns the resulting date.</doc>
<arguments>
<arg>${ANTES}</arg>
<arg>7 days</arg>
<arg>result_format=%d-%m-%Y %H:%M:%S</arg>
</arguments>
<assign>
<var>${DEPOIS}</var>
</assign>
<msg timestamp="20210117 15:36:27.055" level="INFO">${DEPOIS} = 24-01-2021 15:36:27</msg>
<status status="PASS" starttime="20210117 15:36:27.055" endtime="20210117 15:36:27.055"></status>
</kw>
<kw name="Log" library="BuiltIn">
<doc>Logs the given message with the given level.</doc>
<arguments>
<arg>Antes: ${ANTES} - Depois: ${DEPOIS}</arg>
</arguments>
<msg timestamp="20210117 15:36:27.056" level="INFO">Antes: 2021-01-17 15:36:27.055 - Depois: 24-01-2021 15:36:27</msg>
<status status="PASS" starttime="20210117 15:36:27.056" endtime="20210117 15:36:27.056"></status>
</kw>
<status status="PASS" starttime="20210117 15:36:27.049" endtime="20210117 15:36:27.056"></status>
</kw>
<kw name="Subtraindo tempo de data">
<kw name="Get Current Date" library="DateTime">
<doc>Returns current local or UTC time with an optional increment.</doc>
<assign>
<var>${ANTES}</var>
</assign>
<msg timestamp="20210117 15:36:27.080" level="INFO">${ANTES} = 2021-01-17 15:36:27.079</msg>
<status status="PASS" starttime="20210117 15:36:27.079" endtime="20210117 15:36:27.080"></status>
</kw>
<kw name="Subtract Time From Date" library="DateTime">
<doc>Subtracts time from date and returns the resulting date.</doc>
<arguments>
<arg>${ANTES}</arg>
<arg>25 minutes</arg>
<arg>result_format=%d-%m-%Y %H:%M:%S</arg>
</arguments>
<assign>
<var>${DEPOIS}</var>
</assign>
<msg timestamp="20210117 15:36:27.080" level="INFO">${DEPOIS} = 17-01-2021 15:11:27</msg>
<status status="PASS" starttime="20210117 15:36:27.080" endtime="20210117 15:36:27.080"></status>
</kw>
<kw name="Log" library="BuiltIn">
<doc>Logs the given message with the given level.</doc>
<arguments>
<arg>Antes: ${ANTES} - Depois: ${DEPOIS}</arg>
</arguments>
<msg timestamp="20210117 15:36:27.081" level="INFO">Antes: 2021-01-17 15:36:27.079 - Depois: 17-01-2021 15:11:27</msg>
<status status="PASS" starttime="20210117 15:36:27.080" endtime="20210117 15:36:27.081"></status>
</kw>
<kw name="Get Current Date" library="DateTime">
<doc>Returns current local or UTC time with an optional increment.</doc>
<assign>
<var>${ANTES}</var>
</assign>
<msg timestamp="20210117 15:36:27.081" level="INFO">${ANTES} = 2021-01-17 15:36:27.081</msg>
<status status="PASS" starttime="20210117 15:36:27.081" endtime="20210117 15:36:27.081"></status>
</kw>
<kw name="Subtract Time From Date" library="DateTime">
<doc>Subtracts time from date and returns the resulting date.</doc>
<arguments>
<arg>${ANTES}</arg>
<arg>2 days</arg>
<arg>result_format=%d-%m-%Y %H:%M:%S</arg>
</arguments>
<assign>
<var>${DEPOIS}</var>
</assign>
<msg timestamp="20210117 15:36:27.082" level="INFO">${DEPOIS} = 15-01-2021 15:36:27</msg>
<status status="PASS" starttime="20210117 15:36:27.081" endtime="20210117 15:36:27.082"></status>
</kw>
<kw name="Log" library="BuiltIn">
<doc>Logs the given message with the given level.</doc>
<arguments>
<arg>Antes: ${ANTES} - Depois: ${DEPOIS}</arg>
</arguments>
<msg timestamp="20210117 15:36:27.082" level="INFO">Antes: 2021-01-17 15:36:27.081 - Depois: 15-01-2021 15:36:27</msg>
<status status="PASS" starttime="20210117 15:36:27.082" endtime="20210117 15:36:27.082"></status>
</kw>
<status status="PASS" starttime="20210117 15:36:27.078" endtime="20210117 15:36:27.083"></status>
</kw>
<status status="PASS" starttime="20210117 15:36:27.048" endtime="20210117 15:36:27.083" critical="yes"></status>
</test>
<doc>http://robotframework.org/robotframework/latest/libraries/DateTime.html</doc>
<status status="PASS" starttime="20210117 15:36:26.834" endtime="20210117 15:36:27.121"></status>
</suite>
<statistics>
<total>
<stat pass="3" fail="0">Critical Tests</stat>
<stat pass="3" fail="0">All Tests</stat>
</total>
<tag>
</tag>
<suite>
<stat pass="3" fail="0" id="s1" name="Date Time">Date Time</stat>
</suite>
</statistics>
<errors>
</errors>
</robot>
