<?xml version="1.0" encoding="UTF-8"?>
<robot generator="Robot 3.2.2 (Python 3.9.1 on win32)" generated="20210117 16:40:41.511" rpa="false">
<suite id="s1" name="Process" source="E:\Linguagens\Robot Framework\Libraries auxiliares\Process\process.robot">
<test id="s1-t1" name="Exemplo 03: Execute comandos de prompt">
<kw name="Executando comandos diversos de prompt">
<kw name="Run Process" library="Process">
<doc>Runs a process and waits for it to complete.</doc>
<arguments>
<arg>mkdir robot_teste</arg>
<arg>cwd=E:\\Linguagens\\Robot Framework\\Libraries auxiliares\\Process</arg>
<arg>shell=True</arg>
</arguments>
<msg timestamp="20210117 16:40:41.611" level="INFO">Starting process:
mkdir robot_teste</msg>
<msg timestamp="20210117 16:40:41.615" level="INFO">Waiting for process to complete.</msg>
<msg timestamp="20210117 16:40:41.674" level="INFO">Process completed.</msg>
<status status="PASS" starttime="20210117 16:40:41.610" endtime="20210117 16:40:41.674"></status>
</kw>
<status status="PASS" starttime="20210117 16:40:41.609" endtime="20210117 16:40:41.674"></status>
</kw>
<status status="PASS" starttime="20210117 16:40:41.591" endtime="20210117 16:40:41.674" critical="yes"></status>
</test>
<doc>http://robotframework.org/robotframework/latest/libraries/Process.html</doc>
<status status="PASS" starttime="20210117 16:40:41.515" endtime="20210117 16:40:41.682"></status>
</suite>
<statistics>
<total>
<stat pass="1" fail="0">Critical Tests</stat>
<stat pass="1" fail="0">All Tests</stat>
</total>
<tag>
</tag>
<suite>
<stat pass="1" fail="0" id="s1" name="Process">Process</stat>
</suite>
</statistics>
<errors>
</errors>
</robot>
